{"/Users/mac/Documents/github/reactjs/static/src/pages/lifecycle/lifecycle.tsx": {"path":"/Users/mac/Documents/github/reactjs/static/src/pages/lifecycle/lifecycle.tsx","statementMap":{"0":{"start":{"line":1,"column":0},"end":{"line":1,"column":40}},"1":{"start":{"line":2,"column":0},"end":{"line":2,"column":25}},"2":{"start":{"line":21,"column":2},"end":{"line":21,"column":null}},"3":{"start":{"line":42,"column":1},"end":{"line":44,"column":null}},"4":{"start":{"line":43,"column":2},"end":{"line":43,"column":null}},"5":{"start":{"line":46,"column":1},"end":{"line":51,"column":null}},"6":{"start":{"line":47,"column":2},"end":{"line":50,"column":null}},"7":{"start":{"line":48,"column":3},"end":{"line":48,"column":null}},"8":{"start":{"line":49,"column":3},"end":{"line":49,"column":null}},"9":{"start":{"line":53,"column":1},"end":{"line":58,"column":null}},"10":{"start":{"line":54,"column":2},"end":{"line":57,"column":null}},"11":{"start":{"line":55,"column":3},"end":{"line":55,"column":null}},"12":{"start":{"line":56,"column":3},"end":{"line":56,"column":null}},"13":{"start":{"line":22,"column":2},"end":{"line":22,"column":null}},"14":{"start":{"line":23,"column":2},"end":{"line":23,"column":null}},"15":{"start":{"line":28,"column":2},"end":{"line":28,"column":null}},"16":{"start":{"line":29,"column":2},"end":{"line":29,"column":null}},"17":{"start":{"line":32,"column":2},"end":{"line":32,"column":null}},"18":{"start":{"line":33,"column":2},"end":{"line":33,"column":null}},"19":{"start":{"line":34,"column":2},"end":{"line":34,"column":null}},"20":{"start":{"line":37,"column":2},"end":{"line":37,"column":null}},"21":{"start":{"line":40,"column":2},"end":{"line":40,"column":null}},"22":{"start":{"line":60,"column":2},"end":{"line":60,"column":null}},"23":{"start":{"line":61,"column":2},"end":{"line":78,"column":null}},"24":{"start":{"line":69,"column":6},"end":{"line":69,"column":27}},"25":{"start":{"line":13,"column":0},"end":{"line":13,"column":21}},"26":{"start":{"line":17,"column":8},"end":{"line":19,"column":null}},"27":{"start":{"line":88,"column":2},"end":{"line":88,"column":null}},"28":{"start":{"line":89,"column":2},"end":{"line":89,"column":null}},"29":{"start":{"line":92,"column":2},"end":{"line":92,"column":null}},"30":{"start":{"line":99,"column":2},"end":{"line":99,"column":null}},"31":{"start":{"line":100,"column":2},"end":{"line":104,"column":null}},"32":{"start":{"line":101,"column":3},"end":{"line":101,"column":null}},"33":{"start":{"line":103,"column":3},"end":{"line":103,"column":null}},"34":{"start":{"line":108,"column":2},"end":{"line":108,"column":null}},"35":{"start":{"line":111,"column":2},"end":{"line":111,"column":null}},"36":{"start":{"line":112,"column":2},"end":{"line":116,"column":null}}},"fnMap":{"0":{"name":"(anonymous_2)","decl":{"start":{"line":20,"column":1},"end":{"line":20,"column":13}},"loc":{"start":{"line":20,"column":34},"end":{"line":24,"column":2}}},"1":{"name":"(anonymous_3)","decl":{"start":{"line":42,"column":7},"end":{"line":42,"column":10}},"loc":{"start":{"line":42,"column":12},"end":{"line":44,"column":2}}},"2":{"name":"(anonymous_4)","decl":{"start":{"line":46,"column":12},"end":{"line":46,"column":15}},"loc":{"start":{"line":46,"column":17},"end":{"line":51,"column":2}}},"3":{"name":"(anonymous_5)","decl":{"start":{"line":47,"column":56},"end":{"line":47,"column":57}},"loc":{"start":{"line":47,"column":64},"end":{"line":50,"column":3}}},"4":{"name":"(anonymous_6)","decl":{"start":{"line":53,"column":10},"end":{"line":53,"column":13}},"loc":{"start":{"line":53,"column":15},"end":{"line":58,"column":2}}},"5":{"name":"(anonymous_7)","decl":{"start":{"line":54,"column":40},"end":{"line":54,"column":41}},"loc":{"start":{"line":54,"column":48},"end":{"line":57,"column":3}}},"6":{"name":"(anonymous_8)","decl":{"start":{"line":27,"column":1},"end":{"line":27,"column":18}},"loc":{"start":{"line":27,"column":18},"end":{"line":30,"column":2}}},"7":{"name":"(anonymous_9)","decl":{"start":{"line":31,"column":1},"end":{"line":31,"column":22}},"loc":{"start":{"line":31,"column":76},"end":{"line":35,"column":2}}},"8":{"name":"(anonymous_10)","decl":{"start":{"line":36,"column":1},"end":{"line":36,"column":20}},"loc":{"start":{"line":36,"column":74},"end":{"line":38,"column":2}}},"9":{"name":"(anonymous_11)","decl":{"start":{"line":39,"column":1},"end":{"line":39,"column":19}},"loc":{"start":{"line":39,"column":73},"end":{"line":41,"column":2}}},"10":{"name":"(anonymous_12)","decl":{"start":{"line":59,"column":1},"end":{"line":59,"column":7}},"loc":{"start":{"line":59,"column":7},"end":{"line":79,"column":2}}},"11":{"name":"(anonymous_13)","decl":{"start":{"line":68,"column":27},"end":{"line":68,"column":28}},"loc":{"start":{"line":69,"column":6},"end":{"line":69,"column":27}}},"12":{"name":"(anonymous_14)","decl":{"start":{"line":87,"column":1},"end":{"line":87,"column":13}},"loc":{"start":{"line":87,"column":35},"end":{"line":90,"column":2}}},"13":{"name":"(anonymous_15)","decl":{"start":{"line":91,"column":1},"end":{"line":91,"column":21}},"loc":{"start":{"line":91,"column":21},"end":{"line":93,"column":2}}},"14":{"name":"(anonymous_16)","decl":{"start":{"line":95,"column":1},"end":{"line":95,"column":22}},"loc":{"start":{"line":97,"column":28},"end":{"line":105,"column":2}}},"15":{"name":"(anonymous_17)","decl":{"start":{"line":107,"column":1},"end":{"line":107,"column":26}},"loc":{"start":{"line":107,"column":26},"end":{"line":109,"column":2}}},"16":{"name":"(anonymous_18)","decl":{"start":{"line":110,"column":1},"end":{"line":110,"column":7}},"loc":{"start":{"line":110,"column":7},"end":{"line":117,"column":2}}}},"branchMap":{"0":{"loc":{"start":{"line":72,"column":5},"end":{"line":72,"column":31}},"type":"binary-expr","locations":[{"start":{"line":72,"column":5},"end":{"line":72,"column":31}},{"start":{"line":73,"column":5},"end":{"line":73,"column":46}}]},"1":{"loc":{"start":{"line":100,"column":2},"end":{"line":104,"column":null}},"type":"if","locations":[{"start":{"line":100,"column":2},"end":{"line":104,"column":null}},{"start":{"line":100,"column":2},"end":{"line":104,"column":null}}]}},"s":{"0":1,"1":1,"2":1,"3":1,"4":0,"5":1,"6":1,"7":0,"8":0,"9":1,"10":0,"11":0,"12":0,"13":1,"14":1,"15":1,"16":1,"17":0,"18":0,"19":0,"20":0,"21":0,"22":1,"23":1,"24":0,"25":1,"26":1,"27":0,"28":0,"29":0,"30":0,"31":0,"32":0,"33":0,"34":0,"35":0,"36":0},"f":{"0":1,"1":0,"2":1,"3":0,"4":0,"5":0,"6":1,"7":0,"8":0,"9":0,"10":1,"11":0,"12":0,"13":0,"14":0,"15":0,"16":0},"b":{"0":[1,1],"1":[0,0]}}
,"/Users/mac/Documents/github/reactjs/static/src/pages/simple-test/LoginForm.tsx": {"path":"/Users/mac/Documents/github/reactjs/static/src/pages/simple-test/LoginForm.tsx","statementMap":{"0":{"start":{"line":1,"column":0},"end":{"line":1,"column":25}},"1":{"start":{"line":12,"column":33},"end":{"line":12,"column":51}},"2":{"start":{"line":13,"column":33},"end":{"line":13,"column":51}},"3":{"start":{"line":14,"column":33},"end":{"line":14,"column":69}},"4":{"start":{"line":16,"column":30},"end":{"line":20,"column":2}},"5":{"start":{"line":17,"column":20},"end":{"line":17,"column":28}},"6":{"start":{"line":18,"column":2},"end":{"line":18,"column":null}},"7":{"start":{"line":19,"column":2},"end":{"line":19,"column":null}},"8":{"start":{"line":22,"column":30},"end":{"line":26,"column":2}},"9":{"start":{"line":23,"column":20},"end":{"line":23,"column":28}},"10":{"start":{"line":24,"column":2},"end":{"line":24,"column":null}},"11":{"start":{"line":25,"column":2},"end":{"line":25,"column":null}},"12":{"start":{"line":28,"column":30},"end":{"line":32,"column":2}},"13":{"start":{"line":29,"column":22},"end":{"line":29,"column":30}},"14":{"start":{"line":30,"column":2},"end":{"line":30,"column":null}},"15":{"start":{"line":31,"column":2},"end":{"line":31,"column":null}},"16":{"start":{"line":34,"column":22},"end":{"line":37,"column":2}},"17":{"start":{"line":35,"column":2},"end":{"line":35,"column":null}},"18":{"start":{"line":36,"column":2},"end":{"line":36,"column":null}},"19":{"start":{"line":39,"column":1},"end":{"line":74,"column":null}},"20":{"start":{"line":77,"column":0},"end":{"line":77,"column":null}}},"fnMap":{"0":{"name":"LoginForm","decl":{"start":{"line":11,"column":9},"end":{"line":11,"column":18}},"loc":{"start":{"line":11,"column":31},"end":{"line":75,"column":1}}},"1":{"name":"(anonymous_2)","decl":{"start":{"line":16,"column":30},"end":{"line":16,"column":31}},"loc":{"start":{"line":16,"column":73},"end":{"line":20,"column":2}}},"2":{"name":"(anonymous_3)","decl":{"start":{"line":22,"column":30},"end":{"line":22,"column":31}},"loc":{"start":{"line":22,"column":73},"end":{"line":26,"column":2}}},"3":{"name":"(anonymous_4)","decl":{"start":{"line":28,"column":30},"end":{"line":28,"column":31}},"loc":{"start":{"line":28,"column":73},"end":{"line":32,"column":2}}},"4":{"name":"(anonymous_5)","decl":{"start":{"line":34,"column":22},"end":{"line":34,"column":23}},"loc":{"start":{"line":34,"column":45},"end":{"line":37,"column":2}}}},"branchMap":{},"s":{"0":1,"1":12,"2":12,"3":12,"4":12,"5":2,"6":2,"7":2,"8":12,"9":2,"10":2,"11":2,"12":12,"13":3,"14":3,"15":3,"16":12,"17":1,"18":1,"19":12,"20":1},"f":{"0":12,"1":2,"2":2,"3":3,"4":1},"b":{}}
}
