{"C:\\Users\\ecxxchn\\space\\github\\reactjs\\static\\src\\pages\\format\\format.tsx": {"path":"C:\\Users\\ecxxchn\\space\\github\\reactjs\\static\\src\\pages\\format\\format.tsx","statementMap":{"0":{"start":{"line":5,"column":10},"end":{"line":9,"column":3}},"1":{"start":{"line":11,"column":15},"end":{"line":28,"column":3}},"2":{"start":{"line":12,"column":21},"end":{"line":12,"column":31}},"3":{"start":{"line":13,"column":21},"end":{"line":13,"column":37}},"4":{"start":{"line":14,"column":4},"end":{"line":18,"column":5}},"5":{"start":{"line":15,"column":6},"end":{"line":17,"column":9}},"6":{"start":{"line":19,"column":19},"end":{"line":19,"column":21}},"7":{"start":{"line":20,"column":4},"end":{"line":22,"column":5}},"8":{"start":{"line":21,"column":6},"end":{"line":21,"column":20}},"9":{"start":{"line":23,"column":25},"end":{"line":23,"column":47}},"10":{"start":{"line":24,"column":4},"end":{"line":27,"column":7}},"11":{"start":{"line":30,"column":15},"end":{"line":35,"column":3}},"12":{"start":{"line":31,"column":4},"end":{"line":34,"column":7}},"13":{"start":{"line":37,"column":11},"end":{"line":61,"column":3}},"14":{"start":{"line":38,"column":4},"end":{"line":60,"column":6}}},"fnMap":{"0":{"name":"(anonymous_0)","decl":{"start":{"line":11,"column":15},"end":{"line":11,"column":16}},"loc":{"start":{"line":11,"column":21},"end":{"line":28,"column":3}},"line":11},"1":{"name":"(anonymous_1)","decl":{"start":{"line":30,"column":15},"end":{"line":30,"column":16}},"loc":{"start":{"line":30,"column":20},"end":{"line":35,"column":3}},"line":30},"2":{"name":"(anonymous_2)","decl":{"start":{"line":37,"column":11},"end":{"line":37,"column":12}},"loc":{"start":{"line":37,"column":17},"end":{"line":61,"column":3}},"line":37},"3":{"name":"(anonymous_3)","decl":{"start":{"line":56,"column":22},"end":{"line":56,"column":23}},"loc":{"start":{"line":56,"column":28},"end":{"line":56,"column":30}},"line":56}},"branchMap":{"0":{"loc":{"start":{"line":14,"column":4},"end":{"line":18,"column":5}},"type":"if","locations":[{"start":{"line":14,"column":4},"end":{"line":18,"column":5}},{"start":{"line":14,"column":4},"end":{"line":18,"column":5}}],"line":14}},"s":{"0":0,"1":0,"2":0,"3":0,"4":0,"5":0,"6":0,"7":0,"8":0,"9":0,"10":0,"11":0,"12":0,"13":0,"14":0},"f":{"0":0,"1":0,"2":0,"3":0},"b":{"0":[0,0]},"hash":"25f3a466041063dc2b55cf4a3d607c5e9eaf708a"}
,"C:\\Users\\ecxxchn\\space\\github\\reactjs\\static\\src\\pages\\home\\home.tsx": {"path":"C:\\Users\\ecxxchn\\space\\github\\reactjs\\static\\src\\pages\\home\\home.tsx","statementMap":{"0":{"start":{"line":6,"column":4},"end":{"line":13,"column":6}}},"fnMap":{"0":{"name":"(anonymous_0)","decl":{"start":{"line":5,"column":2},"end":{"line":5,"column":3}},"loc":{"start":{"line":5,"column":11},"end":{"line":14,"column":3}},"line":5}},"branchMap":{},"s":{"0":1},"f":{"0":1},"b":{},"_coverageSchema":"43e27e138ebf9cfc5966b082cf9a028302ed4184","hash":"43cb35015a14409d18857afe40a537ba24f2f2c7"}
,"C:\\Users\\ecxxchn\\space\\github\\reactjs\\static\\src\\pages\\home\\index.d.ts": {"path":"C:\\Users\\ecxxchn\\space\\github\\reactjs\\static\\src\\pages\\home\\index.d.ts","statementMap":{},"fnMap":{},"branchMap":{},"s":{},"f":{},"b":{},"hash":"6233bb4cf557240a9ac75cdfa43a083efaacf944"}
,"C:\\Users\\ecxxchn\\space\\github\\reactjs\\static\\src\\pages\\hook\\demo.tsx": {"path":"C:\\Users\\ecxxchn\\space\\github\\reactjs\\static\\src\\pages\\hook\\demo.tsx","statementMap":{"0":{"start":{"line":6,"column":16},"end":{"line":19,"column":1}},"1":{"start":{"line":7,"column":2},"end":{"line":18,"column":3}},"2":{"start":{"line":9,"column":6},"end":{"line":9,"column":45}},"3":{"start":{"line":11,"column":6},"end":{"line":11,"column":47}},"4":{"start":{"line":17,"column":6},"end":{"line":17,"column":43}},"5":{"start":{"line":22,"column":28},"end":{"line":22,"column":47}},"6":{"start":{"line":24,"column":28},"end":{"line":24,"column":39}},"7":{"start":{"line":26,"column":16},"end":{"line":26,"column":25}},"8":{"start":{"line":27,"column":16},"end":{"line":27,"column":25}},"9":{"start":{"line":28,"column":16},"end":{"line":28,"column":27}},"10":{"start":{"line":30,"column":16},"end":{"line":30,"column":40}},"11":{"start":{"line":33,"column":4},"end":{"line":33,"column":25}},"12":{"start":{"line":37,"column":4},"end":{"line":46,"column":9}},"13":{"start":{"line":44,"column":21},"end":{"line":44,"column":29}},"14":{"start":{"line":45,"column":8},"end":{"line":45,"column":50}},"15":{"start":{"line":49,"column":2},"end":{"line":49,"column":21}},"16":{"start":{"line":51,"column":2},"end":{"line":80,"column":4}},"17":{"start":{"line":74,"column":29},"end":{"line":74,"column":70}},"18":{"start":{"line":84,"column":26},"end":{"line":84,"column":36}},"19":{"start":{"line":86,"column":4},"end":{"line":86,"column":28}},"20":{"start":{"line":88,"column":2},"end":{"line":88,"column":43}},"21":{"start":{"line":93,"column":28},"end":{"line":93,"column":39}},"22":{"start":{"line":96,"column":21},"end":{"line":96,"column":38}},"23":{"start":{"line":97,"column":4},"end":{"line":97,"column":23}},"24":{"start":{"line":100,"column":2},"end":{"line":106,"column":9}},"25":{"start":{"line":101,"column":4},"end":{"line":101,"column":15}},"26":{"start":{"line":102,"column":4},"end":{"line":102,"column":48}},"27":{"start":{"line":103,"column":4},"end":{"line":105,"column":6}},"28":{"start":{"line":104,"column":6},"end":{"line":104,"column":53}},"29":{"start":{"line":107,"column":2},"end":{"line":107,"column":15}}},"fnMap":{"0":{"name":"(anonymous_0)","decl":{"start":{"line":6,"column":16},"end":{"line":6,"column":17}},"loc":{"start":{"line":6,"column":35},"end":{"line":19,"column":1}},"line":6},"1":{"name":"Demo","decl":{"start":{"line":21,"column":24},"end":{"line":21,"column":28}},"loc":{"start":{"line":21,"column":36},"end":{"line":81,"column":1}},"line":21},"2":{"name":"onStars","decl":{"start":{"line":32,"column":11},"end":{"line":32,"column":18}},"loc":{"start":{"line":32,"column":21},"end":{"line":34,"column":3}},"line":32},"3":{"name":"getRightPoint","decl":{"start":{"line":36,"column":11},"end":{"line":36,"column":24}},"loc":{"start":{"line":36,"column":27},"end":{"line":47,"column":3}},"line":36},"4":{"name":"(anonymous_4)","decl":{"start":{"line":43,"column":12},"end":{"line":43,"column":13}},"loc":{"start":{"line":43,"column":19},"end":{"line":46,"column":7}},"line":43},"5":{"name":"(anonymous_5)","decl":{"start":{"line":74,"column":23},"end":{"line":74,"column":24}},"loc":{"start":{"line":74,"column":29},"end":{"line":74,"column":70}},"line":74},"6":{"name":"useName","decl":{"start":{"line":83,"column":9},"end":{"line":83,"column":16}},"loc":{"start":{"line":83,"column":19},"end":{"line":89,"column":1}},"line":83},"7":{"name":"onName","decl":{"start":{"line":85,"column":11},"end":{"line":85,"column":17}},"loc":{"start":{"line":85,"column":21},"end":{"line":87,"column":3}},"line":85},"8":{"name":"useResize","decl":{"start":{"line":92,"column":9},"end":{"line":92,"column":18}},"loc":{"start":{"line":92,"column":21},"end":{"line":108,"column":1}},"line":92},"9":{"name":"onResize","decl":{"start":{"line":95,"column":11},"end":{"line":95,"column":19}},"loc":{"start":{"line":95,"column":22},"end":{"line":98,"column":3}},"line":95},"10":{"name":"(anonymous_10)","decl":{"start":{"line":100,"column":12},"end":{"line":100,"column":13}},"loc":{"start":{"line":100,"column":18},"end":{"line":106,"column":3}},"line":100},"11":{"name":"(anonymous_11)","decl":{"start":{"line":103,"column":11},"end":{"line":103,"column":12}},"loc":{"start":{"line":103,"column":17},"end":{"line":105,"column":5}},"line":103}},"branchMap":{"0":{"loc":{"start":{"line":7,"column":2},"end":{"line":18,"column":3}},"type":"switch","locations":[{"start":{"line":8,"column":4},"end":{"line":9,"column":45}},{"start":{"line":10,"column":4},"end":{"line":11,"column":47}},{"start":{"line":16,"column":4},"end":{"line":17,"column":43}}],"line":7}},"s":{"0":0,"1":0,"2":0,"3":0,"4":0,"5":0,"6":0,"7":0,"8":0,"9":0,"10":0,"11":0,"12":0,"13":0,"14":0,"15":0,"16":0,"17":0,"18":0,"19":0,"20":0,"21":0,"22":0,"23":0,"24":0,"25":0,"26":0,"27":0,"28":0,"29":0},"f":{"0":0,"1":0,"2":0,"3":0,"4":0,"5":0,"6":0,"7":0,"8":0,"9":0,"10":0,"11":0},"b":{"0":[0,0,0]},"hash":"31dec99234ed176a966666c3c8ccd4f742595a52"}
,"C:\\Users\\ecxxchn\\space\\github\\reactjs\\static\\src\\pages\\hook\\hook.tsx": {"path":"C:\\Users\\ecxxchn\\space\\github\\reactjs\\static\\src\\pages\\hook\\hook.tsx","statementMap":{"0":{"start":{"line":6,"column":2},"end":{"line":12,"column":4}}},"fnMap":{"0":{"name":"Hook","decl":{"start":{"line":5,"column":9},"end":{"line":5,"column":13}},"loc":{"start":{"line":5,"column":16},"end":{"line":13,"column":1}},"line":5}},"branchMap":{},"s":{"0":0},"f":{"0":0},"b":{},"hash":"d6460a4b807bf1701e96ef1ac51d1a1e490f1dbd"}
,"C:\\Users\\ecxxchn\\space\\github\\reactjs\\static\\src\\pages\\hook\\theme.tsx": {"path":"C:\\Users\\ecxxchn\\space\\github\\reactjs\\static\\src\\pages\\hook\\theme.tsx","statementMap":{"0":{"start":{"line":3,"column":21},"end":{"line":3,"column":42}}},"fnMap":{},"branchMap":{},"s":{"0":0},"f":{},"b":{},"hash":"0d61ff06c44d4ffd1eaf843582c5e838148f679b"}
,"C:\\Users\\ecxxchn\\space\\github\\reactjs\\static\\src\\pages\\not-found\\not-found.tsx": {"path":"C:\\Users\\ecxxchn\\space\\github\\reactjs\\static\\src\\pages\\not-found\\not-found.tsx","statementMap":{"0":{"start":{"line":6,"column":4},"end":{"line":6,"column":47}}},"fnMap":{"0":{"name":"(anonymous_0)","decl":{"start":{"line":5,"column":2},"end":{"line":5,"column":3}},"loc":{"start":{"line":5,"column":11},"end":{"line":7,"column":3}},"line":5}},"branchMap":{},"s":{"0":0},"f":{"0":0},"b":{},"hash":"2b156a229cc2880f5f38ddf54f8fbd38a403aacb"}
,"C:\\Users\\ecxxchn\\space\\github\\reactjs\\static\\src\\pages\\routers\\routers.tsx": {"path":"C:\\Users\\ecxxchn\\space\\github\\reactjs\\static\\src\\pages\\routers\\routers.tsx","statementMap":{"0":{"start":{"line":16,"column":4},"end":{"line":54,"column":6}},"1":{"start":{"line":58,"column":0},"end":{"line":58,"column":33}}},"fnMap":{"0":{"name":"(anonymous_0)","decl":{"start":{"line":15,"column":2},"end":{"line":15,"column":3}},"loc":{"start":{"line":15,"column":11},"end":{"line":55,"column":3}},"line":15}},"branchMap":{},"s":{"0":0,"1":0},"f":{"0":0},"b":{},"hash":"f08cc99c3248e8d404dbeeb286b8c6c01720c080"}
,"C:\\Users\\ecxxchn\\space\\github\\reactjs\\static\\src\\pages\\simulator\\map.tsx": {"path":"C:\\Users\\ecxxchn\\space\\github\\reactjs\\static\\src\\pages\\simulator\\map.tsx","statementMap":{"0":{"start":{"line":6,"column":34},"end":{"line":6,"column":59}},"1":{"start":{"line":7,"column":26},"end":{"line":7,"column":38}},"2":{"start":{"line":8,"column":24},"end":{"line":8,"column":36}},"3":{"start":{"line":9,"column":26},"end":{"line":9,"column":36}},"4":{"start":{"line":12,"column":17},"end":{"line":17,"column":6}},"5":{"start":{"line":19,"column":4},"end":{"line":19,"column":56}},"6":{"start":{"line":22,"column":2},"end":{"line":24,"column":12}},"7":{"start":{"line":23,"column":4},"end":{"line":23,"column":15}},"8":{"start":{"line":26,"column":2},"end":{"line":43,"column":4}}},"fnMap":{"0":{"name":"SimulatorMap","decl":{"start":{"line":5,"column":24},"end":{"line":5,"column":36}},"loc":{"start":{"line":5,"column":39},"end":{"line":44,"column":1}},"line":5},"1":{"name":"handIcon","decl":{"start":{"line":11,"column":11},"end":{"line":11,"column":19}},"loc":{"start":{"line":11,"column":22},"end":{"line":20,"column":3}},"line":11},"2":{"name":"(anonymous_2)","decl":{"start":{"line":22,"column":12},"end":{"line":22,"column":13}},"loc":{"start":{"line":22,"column":18},"end":{"line":24,"column":3}},"line":22}},"branchMap":{},"s":{"0":0,"1":0,"2":0,"3":0,"4":0,"5":0,"6":0,"7":0,"8":0},"f":{"0":0,"1":0,"2":0},"b":{},"hash":"ce7350d158a36881b58dcf7be43b0b0fc2db19db"}
,"C:\\Users\\ecxxchn\\space\\github\\reactjs\\static\\src\\pages\\simulator\\simulator.tsx": {"path":"C:\\Users\\ecxxchn\\space\\github\\reactjs\\static\\src\\pages\\simulator\\simulator.tsx","statementMap":{"0":{"start":{"line":5,"column":28},"end":{"line":5,"column":39}},"1":{"start":{"line":6,"column":24},"end":{"line":6,"column":39}},"2":{"start":{"line":7,"column":40},"end":{"line":7,"column":52}},"3":{"start":{"line":9,"column":2},"end":{"line":16,"column":9}},"4":{"start":{"line":10,"column":18},"end":{"line":12,"column":12}},"5":{"start":{"line":11,"column":6},"end":{"line":11,"column":30}},"6":{"start":{"line":13,"column":4},"end":{"line":15,"column":6}},"7":{"start":{"line":14,"column":6},"end":{"line":14,"column":27}},"8":{"start":{"line":18,"column":2},"end":{"line":20,"column":14}},"9":{"start":{"line":19,"column":4},"end":{"line":19,"column":15}},"10":{"start":{"line":23,"column":4},"end":{"line":23,"column":29}},"11":{"start":{"line":24,"column":4},"end":{"line":26,"column":12}},"12":{"start":{"line":25,"column":6},"end":{"line":25,"column":25}},"13":{"start":{"line":27,"column":4},"end":{"line":27,"column":52}},"14":{"start":{"line":28,"column":20},"end":{"line":28,"column":32}},"15":{"start":{"line":29,"column":4},"end":{"line":29,"column":32}},"16":{"start":{"line":33,"column":4},"end":{"line":39,"column":7}},"17":{"start":{"line":34,"column":6},"end":{"line":38,"column":8}},"18":{"start":{"line":42,"column":2},"end":{"line":56,"column":4}}},"fnMap":{"0":{"name":"Simulator","decl":{"start":{"line":4,"column":24},"end":{"line":4,"column":33}},"loc":{"start":{"line":4,"column":36},"end":{"line":57,"column":1}},"line":4},"1":{"name":"(anonymous_1)","decl":{"start":{"line":9,"column":12},"end":{"line":9,"column":13}},"loc":{"start":{"line":9,"column":18},"end":{"line":16,"column":3}},"line":9},"2":{"name":"(anonymous_2)","decl":{"start":{"line":10,"column":30},"end":{"line":10,"column":31}},"loc":{"start":{"line":10,"column":36},"end":{"line":12,"column":5}},"line":10},"3":{"name":"(anonymous_3)","decl":{"start":{"line":13,"column":11},"end":{"line":13,"column":12}},"loc":{"start":{"line":13,"column":17},"end":{"line":15,"column":5}},"line":13},"4":{"name":"(anonymous_4)","decl":{"start":{"line":18,"column":18},"end":{"line":18,"column":19}},"loc":{"start":{"line":18,"column":24},"end":{"line":20,"column":3}},"line":18},"5":{"name":"creatMsg","decl":{"start":{"line":22,"column":11},"end":{"line":22,"column":19}},"loc":{"start":{"line":22,"column":22},"end":{"line":30,"column":3}},"line":22},"6":{"name":"(anonymous_6)","decl":{"start":{"line":24,"column":15},"end":{"line":24,"column":16}},"loc":{"start":{"line":24,"column":21},"end":{"line":26,"column":5}},"line":24},"7":{"name":"renderMsg","decl":{"start":{"line":32,"column":11},"end":{"line":32,"column":20}},"loc":{"start":{"line":32,"column":23},"end":{"line":40,"column":3}},"line":32},"8":{"name":"(anonymous_8)","decl":{"start":{"line":33,"column":19},"end":{"line":33,"column":20}},"loc":{"start":{"line":33,"column":34},"end":{"line":39,"column":5}},"line":33}},"branchMap":{"0":{"loc":{"start":{"line":35,"column":23},"end":{"line":35,"column":51}},"type":"cond-expr","locations":[{"start":{"line":35,"column":35},"end":{"line":35,"column":46}},{"start":{"line":35,"column":49},"end":{"line":35,"column":51}}],"line":35}},"s":{"0":0,"1":0,"2":0,"3":0,"4":0,"5":0,"6":0,"7":0,"8":0,"9":0,"10":0,"11":0,"12":0,"13":0,"14":0,"15":0,"16":0,"17":0,"18":0},"f":{"0":0,"1":0,"2":0,"3":0,"4":0,"5":0,"6":0,"7":0,"8":0},"b":{"0":[0,0]},"hash":"dff3fade3ef2d15f9a81bcddb535a1e891ecbf72"}
,"C:\\Users\\ecxxchn\\space\\github\\reactjs\\static\\src\\pages\\todo\\todo.tsx": {"path":"C:\\Users\\ecxxchn\\space\\github\\reactjs\\static\\src\\pages\\todo\\todo.tsx","statementMap":{"0":{"start":{"line":8,"column":10},"end":{"line":11,"column":3}},"1":{"start":{"line":14,"column":24},"end":{"line":14,"column":40}},"2":{"start":{"line":15,"column":16},"end":{"line":15,"column":39}},"3":{"start":{"line":16,"column":4},"end":{"line":16,"column":33}},"4":{"start":{"line":19,"column":11},"end":{"line":41,"column":3}},"5":{"start":{"line":20,"column":30},"end":{"line":20,"column":40}},"6":{"start":{"line":21,"column":44},"end":{"line":21,"column":54}},"7":{"start":{"line":22,"column":4},"end":{"line":40,"column":6}},"8":{"start":{"line":43,"column":15},"end":{"line":50,"column":3}},"9":{"start":{"line":45,"column":14},"end":{"line":45,"column":58}},"10":{"start":{"line":47,"column":4},"end":{"line":49,"column":7}},"11":{"start":{"line":52,"column":15},"end":{"line":62,"column":3}},"12":{"start":{"line":53,"column":24},"end":{"line":53,"column":34}},"13":{"start":{"line":54,"column":30},"end":{"line":54,"column":40}},"14":{"start":{"line":55,"column":4},"end":{"line":57,"column":5}},"15":{"start":{"line":56,"column":6},"end":{"line":56,"column":13}},"16":{"start":{"line":58,"column":4},"end":{"line":58,"column":27}},"17":{"start":{"line":59,"column":4},"end":{"line":61,"column":7}}},"fnMap":{"0":{"name":"(anonymous_0)","decl":{"start":{"line":13,"column":2},"end":{"line":13,"column":3}},"loc":{"start":{"line":13,"column":22},"end":{"line":17,"column":3}},"line":13},"1":{"name":"(anonymous_1)","decl":{"start":{"line":19,"column":11},"end":{"line":19,"column":12}},"loc":{"start":{"line":19,"column":17},"end":{"line":41,"column":3}},"line":19},"2":{"name":"(anonymous_2)","decl":{"start":{"line":43,"column":15},"end":{"line":43,"column":16}},"loc":{"start":{"line":43,"column":53},"end":{"line":50,"column":3}},"line":43},"3":{"name":"(anonymous_3)","decl":{"start":{"line":52,"column":15},"end":{"line":52,"column":16}},"loc":{"start":{"line":52,"column":21},"end":{"line":62,"column":3}},"line":52}},"branchMap":{"0":{"loc":{"start":{"line":55,"column":4},"end":{"line":57,"column":5}},"type":"if","locations":[{"start":{"line":55,"column":4},"end":{"line":57,"column":5}},{"start":{"line":55,"column":4},"end":{"line":57,"column":5}}],"line":55}},"s":{"0":3,"1":3,"2":3,"3":0,"4":3,"5":3,"6":3,"7":3,"8":3,"9":0,"10":0,"11":3,"12":0,"13":0,"14":0,"15":0,"16":0,"17":0},"f":{"0":3,"1":3,"2":0,"3":0},"b":{"0":[0,0]},"_coverageSchema":"43e27e138ebf9cfc5966b082cf9a028302ed4184","hash":"e489e82d3dbb2234eb664153733159c00a3f3072"}
,"C:\\Users\\ecxxchn\\space\\github\\reactjs\\static\\src\\pages\\todo\\todolist.tsx": {"path":"C:\\Users\\ecxxchn\\space\\github\\reactjs\\static\\src\\pages\\todo\\todolist.tsx","statementMap":{"0":{"start":{"line":5,"column":11},"end":{"line":22,"column":3}},"1":{"start":{"line":6,"column":26},"end":{"line":6,"column":36}},"2":{"start":{"line":8,"column":4},"end":{"line":21,"column":6}},"3":{"start":{"line":11,"column":10},"end":{"line":18,"column":12}},"4":{"start":{"line":13,"column":35},"end":{"line":13,"column":69}},"5":{"start":{"line":24,"column":23},"end":{"line":31,"column":3}},"6":{"start":{"line":25,"column":35},"end":{"line":25,"column":45}},"7":{"start":{"line":26,"column":17},"end":{"line":29,"column":5}},"8":{"start":{"line":30,"column":4},"end":{"line":30,"column":34}}},"fnMap":{"0":{"name":"(anonymous_0)","decl":{"start":{"line":5,"column":11},"end":{"line":5,"column":12}},"loc":{"start":{"line":5,"column":17},"end":{"line":22,"column":3}},"line":5},"1":{"name":"(anonymous_1)","decl":{"start":{"line":10,"column":18},"end":{"line":10,"column":19}},"loc":{"start":{"line":10,"column":33},"end":{"line":19,"column":9}},"line":10},"2":{"name":"(anonymous_2)","decl":{"start":{"line":13,"column":29},"end":{"line":13,"column":30}},"loc":{"start":{"line":13,"column":35},"end":{"line":13,"column":69}},"line":13},"3":{"name":"(anonymous_3)","decl":{"start":{"line":24,"column":23},"end":{"line":24,"column":24}},"loc":{"start":{"line":24,"column":54},"end":{"line":31,"column":3}},"line":24}},"branchMap":{"0":{"loc":{"start":{"line":6,"column":12},"end":{"line":6,"column":21}},"type":"default-arg","locations":[{"start":{"line":6,"column":19},"end":{"line":6,"column":21}}],"line":6},"1":{"loc":{"start":{"line":27,"column":10},"end":{"line":27,"column":23}},"type":"cond-expr","locations":[{"start":{"line":27,"column":18},"end":{"line":27,"column":19}},{"start":{"line":27,"column":22},"end":{"line":27,"column":23}}],"line":27}},"s":{"0":0,"1":0,"2":0,"3":0,"4":0,"5":0,"6":0,"7":0,"8":0},"f":{"0":0,"1":0,"2":0,"3":0},"b":{"0":[0],"1":[0,0]},"_coverageSchema":"43e27e138ebf9cfc5966b082cf9a028302ed4184","hash":"6812a719f5f2e50889c92ed2134293587dd5da5d"}
,"C:\\Users\\ecxxchn\\space\\github\\reactjs\\static\\src\\pages\\todo\\todos.d.ts": {"path":"C:\\Users\\ecxxchn\\space\\github\\reactjs\\static\\src\\pages\\todo\\todos.d.ts","statementMap":{},"fnMap":{},"branchMap":{},"s":{},"f":{},"b":{},"hash":"e9abf57b06b137cbf0e63a248b9b528701e9a87d"}
,"C:\\Users\\ecxxchn\\space\\github\\reactjs\\static\\src\\pages\\todo\\todos.reducer.ts": {"path":"C:\\Users\\ecxxchn\\space\\github\\reactjs\\static\\src\\pages\\todo\\todos.reducer.ts","statementMap":{"0":{"start":{"line":8,"column":17},"end":{"line":8,"column":27}},"1":{"start":{"line":9,"column":20},"end":{"line":9,"column":33}},"2":{"start":{"line":10,"column":21},"end":{"line":10,"column":35}},"3":{"start":{"line":14,"column":18},"end":{"line":14,"column":20}},"4":{"start":{"line":16,"column":15},"end":{"line":16,"column":26}},"5":{"start":{"line":17,"column":2},"end":{"line":26,"column":3}},"6":{"start":{"line":19,"column":6},"end":{"line":19,"column":44}},"7":{"start":{"line":21,"column":6},"end":{"line":21,"column":44}},"8":{"start":{"line":23,"column":6},"end":{"line":23,"column":44}},"9":{"start":{"line":25,"column":6},"end":{"line":25,"column":19}},"10":{"start":{"line":30,"column":23},"end":{"line":58,"column":1}},"11":{"start":{"line":33,"column":17},"end":{"line":33,"column":27}},"12":{"start":{"line":34,"column":4},"end":{"line":34,"column":36}},"13":{"start":{"line":35,"column":20},"end":{"line":35,"column":28}},"14":{"start":{"line":36,"column":4},"end":{"line":36,"column":45}},"15":{"start":{"line":40,"column":17},"end":{"line":40,"column":27}},"16":{"start":{"line":41,"column":4},"end":{"line":41,"column":21}},"17":{"start":{"line":42,"column":20},"end":{"line":42,"column":28}},"18":{"start":{"line":43,"column":4},"end":{"line":43,"column":48}},"19":{"start":{"line":46,"column":30},"end":{"line":57,"column":3}},"20":{"start":{"line":47,"column":4},"end":{"line":56,"column":9}},"21":{"start":{"line":54,"column":21},"end":{"line":54,"column":29}},"22":{"start":{"line":55,"column":8},"end":{"line":55,"column":47}}},"fnMap":{"0":{"name":"(anonymous_0)","decl":{"start":{"line":15,"column":15},"end":{"line":15,"column":16}},"loc":{"start":{"line":15,"column":51},"end":{"line":27,"column":1}},"line":15},"1":{"name":"(anonymous_1)","decl":{"start":{"line":31,"column":11},"end":{"line":31,"column":12}},"loc":{"start":{"line":31,"column":47},"end":{"line":37,"column":3}},"line":31},"2":{"name":"(anonymous_2)","decl":{"start":{"line":39,"column":16},"end":{"line":39,"column":17}},"loc":{"start":{"line":39,"column":70},"end":{"line":44,"column":3}},"line":39},"3":{"name":"(anonymous_3)","decl":{"start":{"line":46,"column":11},"end":{"line":46,"column":12}},"loc":{"start":{"line":46,"column":30},"end":{"line":57,"column":3}},"line":46},"4":{"name":"(anonymous_4)","decl":{"start":{"line":46,"column":30},"end":{"line":46,"column":31}},"loc":{"start":{"line":46,"column":54},"end":{"line":57,"column":3}},"line":46},"5":{"name":"(anonymous_5)","decl":{"start":{"line":53,"column":12},"end":{"line":53,"column":13}},"loc":{"start":{"line":53,"column":19},"end":{"line":56,"column":7}},"line":53}},"branchMap":{"0":{"loc":{"start":{"line":15,"column":16},"end":{"line":15,"column":33}},"type":"default-arg","locations":[{"start":{"line":15,"column":24},"end":{"line":15,"column":33}}],"line":15},"1":{"loc":{"start":{"line":17,"column":2},"end":{"line":26,"column":3}},"type":"switch","locations":[{"start":{"line":18,"column":4},"end":{"line":19,"column":44}},{"start":{"line":20,"column":4},"end":{"line":21,"column":44}},{"start":{"line":22,"column":4},"end":{"line":23,"column":44}},{"start":{"line":24,"column":4},"end":{"line":25,"column":19}}],"line":17}},"s":{"0":0,"1":0,"2":0,"3":0,"4":0,"5":0,"6":0,"7":0,"8":0,"9":0,"10":0,"11":0,"12":0,"13":0,"14":0,"15":0,"16":0,"17":0,"18":0,"19":0,"20":0,"21":0,"22":0},"f":{"0":0,"1":0,"2":0,"3":0,"4":0,"5":0},"b":{"0":[0],"1":[0,0,0,0]},"hash":"e23610f497bc74ca557e67d1a614ce31f9abc8d0"}
,"C:\\Users\\ecxxchn\\space\\github\\reactjs\\static\\src\\pages\\todo\\todos.tsx": {"path":"C:\\Users\\ecxxchn\\space\\github\\reactjs\\static\\src\\pages\\todo\\todos.tsx","statementMap":{"0":{"start":{"line":6,"column":13},"end":{"line":6,"column":41}},"1":{"start":{"line":6,"column":24},"end":{"line":6,"column":40}},"2":{"start":{"line":11,"column":11},"end":{"line":28,"column":3}},"3":{"start":{"line":12,"column":58},"end":{"line":12,"column":68}},"4":{"start":{"line":14,"column":4},"end":{"line":27,"column":6}},"5":{"start":{"line":31,"column":24},"end":{"line":31,"column":51}},"6":{"start":{"line":31,"column":40},"end":{"line":31,"column":51}},"7":{"start":{"line":33,"column":27},"end":{"line":33,"column":34}}},"fnMap":{"0":{"name":"(anonymous_0)","decl":{"start":{"line":6,"column":18},"end":{"line":6,"column":19}},"loc":{"start":{"line":6,"column":24},"end":{"line":6,"column":40}},"line":6},"1":{"name":"(anonymous_1)","decl":{"start":{"line":11,"column":11},"end":{"line":11,"column":12}},"loc":{"start":{"line":11,"column":17},"end":{"line":28,"column":3}},"line":11},"2":{"name":"(anonymous_2)","decl":{"start":{"line":31,"column":24},"end":{"line":31,"column":25}},"loc":{"start":{"line":31,"column":40},"end":{"line":31,"column":51}},"line":31}},"branchMap":{"0":{"loc":{"start":{"line":12,"column":12},"end":{"line":12,"column":21}},"type":"default-arg","locations":[{"start":{"line":12,"column":19},"end":{"line":12,"column":21}}],"line":12}},"s":{"0":0,"1":0,"2":0,"3":0,"4":0,"5":0,"6":0,"7":0},"f":{"0":0,"1":0,"2":0},"b":{"0":[0]},"hash":"6749527fc9e6774f80c1e73b56c196634340e657"}
,"C:\\Users\\ecxxchn\\space\\github\\reactjs\\static\\src\\pages\\typescript\\typescript.tsx": {"path":"C:\\Users\\ecxxchn\\space\\github\\reactjs\\static\\src\\pages\\typescript\\typescript.tsx","statementMap":{"0":{"start":{"line":59,"column":10},"end":{"line":62,"column":3}},"1":{"start":{"line":65,"column":30},"end":{"line":65,"column":40}},"2":{"start":{"line":66,"column":4},"end":{"line":73,"column":6}},"3":{"start":{"line":89,"column":14},"end":{"line":91,"column":3}},"4":{"start":{"line":90,"column":4},"end":{"line":90,"column":25}},"5":{"start":{"line":93,"column":15},"end":{"line":95,"column":3}},"6":{"start":{"line":94,"column":4},"end":{"line":94,"column":26}},"7":{"start":{"line":98,"column":28},"end":{"line":100,"column":3}},"8":{"start":{"line":99,"column":4},"end":{"line":99,"column":51}}},"fnMap":{"0":{"name":"(anonymous_0)","decl":{"start":{"line":64,"column":2},"end":{"line":64,"column":3}},"loc":{"start":{"line":64,"column":11},"end":{"line":74,"column":3}},"line":64},"1":{"name":"(anonymous_1)","decl":{"start":{"line":89,"column":14},"end":{"line":89,"column":15}},"loc":{"start":{"line":89,"column":33},"end":{"line":91,"column":3}},"line":89},"2":{"name":"(anonymous_2)","decl":{"start":{"line":93,"column":15},"end":{"line":93,"column":16}},"loc":{"start":{"line":93,"column":35},"end":{"line":95,"column":3}},"line":93},"3":{"name":"(anonymous_3)","decl":{"start":{"line":98,"column":28},"end":{"line":98,"column":29}},"loc":{"start":{"line":98,"column":55},"end":{"line":100,"column":3}},"line":98}},"branchMap":{"0":{"loc":{"start":{"line":65,"column":18},"end":{"line":65,"column":25}},"type":"default-arg","locations":[{"start":{"line":65,"column":24},"end":{"line":65,"column":25}}],"line":65}},"s":{"0":0,"1":0,"2":0,"3":0,"4":0,"5":0,"6":0,"7":0,"8":0},"f":{"0":0,"1":0,"2":0,"3":0},"b":{"0":[0]},"hash":"8d3fd4307e73fe1a1879ab4be77f3bf7e07aef1b"}
,"C:\\Users\\ecxxchn\\space\\github\\reactjs\\static\\src\\pages\\websocket\\websocket.tsx": {"path":"C:\\Users\\ecxxchn\\space\\github\\reactjs\\static\\src\\pages\\websocket\\websocket.tsx","statementMap":{"0":{"start":{"line":4,"column":24},"end":{"line":4,"column":36}},"1":{"start":{"line":5,"column":24},"end":{"line":5,"column":36}},"2":{"start":{"line":6,"column":17},"end":{"line":6,"column":54}},"3":{"start":{"line":7,"column":15},"end":{"line":22,"column":3}},"4":{"start":{"line":23,"column":15},"end":{"line":23,"column":44}},"5":{"start":{"line":25,"column":2},"end":{"line":45,"column":12}},"6":{"start":{"line":26,"column":4},"end":{"line":26,"column":36}},"7":{"start":{"line":27,"column":4},"end":{"line":29,"column":6}},"8":{"start":{"line":28,"column":6},"end":{"line":28,"column":45}},"9":{"start":{"line":30,"column":4},"end":{"line":33,"column":6}},"10":{"start":{"line":31,"column":6},"end":{"line":31,"column":47}},"11":{"start":{"line":34,"column":4},"end":{"line":37,"column":6}},"12":{"start":{"line":35,"column":6},"end":{"line":35,"column":52}},"13":{"start":{"line":36,"column":6},"end":{"line":36,"column":25}},"14":{"start":{"line":38,"column":4},"end":{"line":40,"column":6}},"15":{"start":{"line":39,"column":6},"end":{"line":39,"column":45}},"16":{"start":{"line":48,"column":4},"end":{"line":48,"column":27}},"17":{"start":{"line":51,"column":4},"end":{"line":56,"column":5}},"18":{"start":{"line":52,"column":6},"end":{"line":52,"column":56}},"19":{"start":{"line":53,"column":6},"end":{"line":53,"column":23}},"20":{"start":{"line":55,"column":6},"end":{"line":55,"column":38}},"21":{"start":{"line":59,"column":2},"end":{"line":72,"column":4}}},"fnMap":{"0":{"name":"Websocket","decl":{"start":{"line":3,"column":24},"end":{"line":3,"column":33}},"loc":{"start":{"line":3,"column":36},"end":{"line":73,"column":1}},"line":3},"1":{"name":"(anonymous_1)","decl":{"start":{"line":25,"column":12},"end":{"line":25,"column":13}},"loc":{"start":{"line":25,"column":18},"end":{"line":45,"column":3}},"line":25},"2":{"name":"(anonymous_2)","decl":{"start":{"line":27,"column":21},"end":{"line":27,"column":22}},"loc":{"start":{"line":27,"column":32},"end":{"line":29,"column":5}},"line":27},"3":{"name":"(anonymous_3)","decl":{"start":{"line":30,"column":20},"end":{"line":30,"column":21}},"loc":{"start":{"line":30,"column":31},"end":{"line":33,"column":5}},"line":30},"4":{"name":"(anonymous_4)","decl":{"start":{"line":34,"column":23},"end":{"line":34,"column":24}},"loc":{"start":{"line":34,"column":39},"end":{"line":37,"column":5}},"line":34},"5":{"name":"(anonymous_5)","decl":{"start":{"line":38,"column":21},"end":{"line":38,"column":22}},"loc":{"start":{"line":38,"column":32},"end":{"line":40,"column":5}},"line":38},"6":{"name":"handChangeTxt","decl":{"start":{"line":47,"column":11},"end":{"line":47,"column":24}},"loc":{"start":{"line":47,"column":33},"end":{"line":49,"column":3}},"line":47},"7":{"name":"handSendWebsocket","decl":{"start":{"line":50,"column":11},"end":{"line":50,"column":28}},"loc":{"start":{"line":50,"column":31},"end":{"line":57,"column":3}},"line":50}},"branchMap":{"0":{"loc":{"start":{"line":51,"column":4},"end":{"line":56,"column":5}},"type":"if","locations":[{"start":{"line":51,"column":4},"end":{"line":56,"column":5}},{"start":{"line":51,"column":4},"end":{"line":56,"column":5}}],"line":51}},"s":{"0":0,"1":0,"2":0,"3":0,"4":0,"5":0,"6":0,"7":0,"8":0,"9":0,"10":0,"11":0,"12":0,"13":0,"14":0,"15":0,"16":0,"17":0,"18":0,"19":0,"20":0,"21":0},"f":{"0":0,"1":0,"2":0,"3":0,"4":0,"5":0,"6":0,"7":0},"b":{"0":[0,0]},"hash":"a598b6e848fe2db6bf495593bc69cbfbed212c96"}
}
