TN:
SF:static/src/pages/lifecycle/lifecycle.tsx
FN:20,(anonymous_2)
FN:42,(anonymous_3)
FN:46,(anonymous_4)
FN:47,(anonymous_5)
FN:53,(anonymous_6)
FN:54,(anonymous_7)
FN:27,(anonymous_8)
FN:31,(anonymous_9)
FN:36,(anonymous_10)
FN:39,(anonymous_11)
FN:59,(anonymous_12)
FN:68,(anonymous_13)
FN:87,(anonymous_14)
FN:91,(anonymous_15)
FN:95,(anonymous_16)
FN:107,(anonymous_17)
FN:110,(anonymous_18)
FNF:17
FNH:4
FNDA:1,(anonymous_2)
FNDA:0,(anonymous_3)
FNDA:1,(anonymous_4)
FNDA:0,(anonymous_5)
FNDA:0,(anonymous_6)
FNDA:0,(anonymous_7)
FNDA:1,(anonymous_8)
FNDA:0,(anonymous_9)
FNDA:0,(anonymous_10)
FNDA:0,(anonymous_11)
FNDA:1,(anonymous_12)
FNDA:0,(anonymous_13)
FNDA:0,(anonymous_14)
FNDA:0,(anonymous_15)
FNDA:0,(anonymous_16)
FNDA:0,(anonymous_17)
FNDA:0,(anonymous_18)
DA:1,1
DA:2,1
DA:13,1
DA:17,1
DA:21,1
DA:22,1
DA:23,1
DA:28,1
DA:29,1
DA:32,0
DA:33,0
DA:34,0
DA:37,0
DA:40,0
DA:42,1
DA:43,0
DA:46,1
DA:47,1
DA:48,0
DA:49,0
DA:53,1
DA:54,0
DA:55,0
DA:56,0
DA:60,1
DA:61,1
DA:69,0
DA:88,0
DA:89,0
DA:92,0
DA:99,0
DA:100,0
DA:101,0
DA:103,0
DA:108,0
DA:111,0
DA:112,0
LF:37
LH:15
BRDA:72,0,0,1
BRDA:72,0,1,1
BRDA:100,1,0,0
BRDA:100,1,1,0
BRF:4
BRH:2
end_of_record
TN:
SF:static/src/pages/simple-test/LoginForm.tsx
FN:11,LoginForm
FN:16,(anonymous_2)
FN:22,(anonymous_3)
FN:28,(anonymous_4)
FN:34,(anonymous_5)
FNF:5
FNH:5
FNDA:12,LoginForm
FNDA:2,(anonymous_2)
FNDA:2,(anonymous_3)
FNDA:3,(anonymous_4)
FNDA:1,(anonymous_5)
DA:1,1
DA:12,12
DA:13,12
DA:14,12
DA:16,12
DA:17,2
DA:18,2
DA:19,2
DA:22,12
DA:23,2
DA:24,2
DA:25,2
DA:28,12
DA:29,3
DA:30,3
DA:31,3
DA:34,12
DA:35,1
DA:36,1
DA:39,12
DA:77,1
LF:21
LH:21
BRF:0
BRH:0
end_of_record
