TN:
SF:C:\Users\ecxxchn\space\github\reactjs\static\src\pages\format\format.tsx
FN:11,(anonymous_0)
FN:30,(anonymous_1)
FN:37,(anonymous_2)
FN:56,(anonymous_3)
FNF:4
FNH:0
FNDA:0,(anonymous_0)
FNDA:0,(anonymous_1)
FNDA:0,(anonymous_2)
FNDA:0,(anonymous_3)
DA:5,0
DA:11,0
DA:12,0
DA:13,0
DA:14,0
DA:15,0
DA:19,0
DA:20,0
DA:21,0
DA:23,0
DA:24,0
DA:30,0
DA:31,0
DA:37,0
DA:38,0
LF:15
LH:0
BRDA:14,0,0,0
BRDA:14,0,1,0
BRF:2
BRH:0
end_of_record
TN:
SF:C:\Users\ecxxchn\space\github\reactjs\static\src\pages\home\home.tsx
FN:5,(anonymous_0)
FNF:1
FNH:1
FNDA:1,(anonymous_0)
DA:6,1
LF:1
LH:1
BRF:0
BRH:0
end_of_record
TN:
SF:C:\Users\ecxxchn\space\github\reactjs\static\src\pages\home\index.d.ts
FNF:0
FNH:0
LF:0
LH:0
BRF:0
BRH:0
end_of_record
TN:
SF:C:\Users\ecxxchn\space\github\reactjs\static\src\pages\hook\demo.tsx
FN:6,(anonymous_0)
FN:21,Demo
FN:32,onStars
FN:36,getRightPoint
FN:43,(anonymous_4)
FN:74,(anonymous_5)
FN:83,useName
FN:85,onName
FN:92,useResize
FN:95,onResize
FN:100,(anonymous_10)
FN:103,(anonymous_11)
FNF:12
FNH:0
FNDA:0,(anonymous_0)
FNDA:0,Demo
FNDA:0,onStars
FNDA:0,getRightPoint
FNDA:0,(anonymous_4)
FNDA:0,(anonymous_5)
FNDA:0,useName
FNDA:0,onName
FNDA:0,useResize
FNDA:0,onResize
FNDA:0,(anonymous_10)
FNDA:0,(anonymous_11)
DA:6,0
DA:7,0
DA:9,0
DA:11,0
DA:17,0
DA:22,0
DA:24,0
DA:26,0
DA:27,0
DA:28,0
DA:30,0
DA:33,0
DA:37,0
DA:44,0
DA:45,0
DA:49,0
DA:51,0
DA:74,0
DA:84,0
DA:86,0
DA:88,0
DA:93,0
DA:96,0
DA:97,0
DA:100,0
DA:101,0
DA:102,0
DA:103,0
DA:104,0
DA:107,0
LF:30
LH:0
BRDA:7,0,0,0
BRDA:7,0,1,0
BRDA:7,0,2,0
BRF:3
BRH:0
end_of_record
TN:
SF:C:\Users\ecxxchn\space\github\reactjs\static\src\pages\hook\hook.tsx
FN:5,Hook
FNF:1
FNH:0
FNDA:0,Hook
DA:6,0
LF:1
LH:0
BRF:0
BRH:0
end_of_record
TN:
SF:C:\Users\ecxxchn\space\github\reactjs\static\src\pages\hook\theme.tsx
FNF:0
FNH:0
DA:3,0
LF:1
LH:0
BRF:0
BRH:0
end_of_record
TN:
SF:C:\Users\ecxxchn\space\github\reactjs\static\src\pages\not-found\not-found.tsx
FN:5,(anonymous_0)
FNF:1
FNH:0
FNDA:0,(anonymous_0)
DA:6,0
LF:1
LH:0
BRF:0
BRH:0
end_of_record
TN:
SF:C:\Users\ecxxchn\space\github\reactjs\static\src\pages\routers\routers.tsx
FN:15,(anonymous_0)
FNF:1
FNH:0
FNDA:0,(anonymous_0)
DA:16,0
DA:58,0
LF:2
LH:0
BRF:0
BRH:0
end_of_record
TN:
SF:C:\Users\ecxxchn\space\github\reactjs\static\src\pages\simulator\map.tsx
FN:5,SimulatorMap
FN:11,handIcon
FN:22,(anonymous_2)
FNF:3
FNH:0
FNDA:0,SimulatorMap
FNDA:0,handIcon
FNDA:0,(anonymous_2)
DA:6,0
DA:7,0
DA:8,0
DA:9,0
DA:12,0
DA:19,0
DA:22,0
DA:23,0
DA:26,0
LF:9
LH:0
BRF:0
BRH:0
end_of_record
TN:
SF:C:\Users\ecxxchn\space\github\reactjs\static\src\pages\simulator\simulator.tsx
FN:4,Simulator
FN:9,(anonymous_1)
FN:10,(anonymous_2)
FN:13,(anonymous_3)
FN:18,(anonymous_4)
FN:22,creatMsg
FN:24,(anonymous_6)
FN:32,renderMsg
FN:33,(anonymous_8)
FNF:9
FNH:0
FNDA:0,Simulator
FNDA:0,(anonymous_1)
FNDA:0,(anonymous_2)
FNDA:0,(anonymous_3)
FNDA:0,(anonymous_4)
FNDA:0,creatMsg
FNDA:0,(anonymous_6)
FNDA:0,renderMsg
FNDA:0,(anonymous_8)
DA:5,0
DA:6,0
DA:7,0
DA:9,0
DA:10,0
DA:11,0
DA:13,0
DA:14,0
DA:18,0
DA:19,0
DA:23,0
DA:24,0
DA:25,0
DA:27,0
DA:28,0
DA:29,0
DA:33,0
DA:34,0
DA:42,0
LF:19
LH:0
BRDA:35,0,0,0
BRDA:35,0,1,0
BRF:2
BRH:0
end_of_record
TN:
SF:C:\Users\ecxxchn\space\github\reactjs\static\src\pages\todo\todo.tsx
FN:13,(anonymous_0)
FN:19,(anonymous_1)
FN:43,(anonymous_2)
FN:52,(anonymous_3)
FNF:4
FNH:2
FNDA:3,(anonymous_0)
FNDA:3,(anonymous_1)
FNDA:0,(anonymous_2)
FNDA:0,(anonymous_3)
DA:8,3
DA:14,3
DA:15,3
DA:16,0
DA:19,3
DA:20,3
DA:21,3
DA:22,3
DA:43,3
DA:45,0
DA:47,0
DA:52,3
DA:53,0
DA:54,0
DA:55,0
DA:56,0
DA:58,0
DA:59,0
LF:18
LH:9
BRDA:55,0,0,0
BRDA:55,0,1,0
BRF:2
BRH:0
end_of_record
TN:
SF:C:\Users\ecxxchn\space\github\reactjs\static\src\pages\todo\todolist.tsx
FN:5,(anonymous_0)
FN:10,(anonymous_1)
FN:13,(anonymous_2)
FN:24,(anonymous_3)
FNF:4
FNH:0
FNDA:0,(anonymous_0)
FNDA:0,(anonymous_1)
FNDA:0,(anonymous_2)
FNDA:0,(anonymous_3)
DA:5,0
DA:6,0
DA:8,0
DA:11,0
DA:13,0
DA:24,0
DA:25,0
DA:26,0
DA:30,0
LF:9
LH:0
BRDA:6,0,0,0
BRDA:27,1,0,0
BRDA:27,1,1,0
BRF:3
BRH:0
end_of_record
TN:
SF:C:\Users\ecxxchn\space\github\reactjs\static\src\pages\todo\todos.d.ts
FNF:0
FNH:0
LF:0
LH:0
BRF:0
BRH:0
end_of_record
TN:
SF:C:\Users\ecxxchn\space\github\reactjs\static\src\pages\todo\todos.reducer.ts
FN:15,(anonymous_0)
FN:31,(anonymous_1)
FN:39,(anonymous_2)
FN:46,(anonymous_3)
FN:46,(anonymous_4)
FN:53,(anonymous_5)
FNF:6
FNH:0
FNDA:0,(anonymous_0)
FNDA:0,(anonymous_1)
FNDA:0,(anonymous_2)
FNDA:0,(anonymous_3)
FNDA:0,(anonymous_4)
FNDA:0,(anonymous_5)
DA:8,0
DA:9,0
DA:10,0
DA:14,0
DA:16,0
DA:17,0
DA:19,0
DA:21,0
DA:23,0
DA:25,0
DA:30,0
DA:33,0
DA:34,0
DA:35,0
DA:36,0
DA:40,0
DA:41,0
DA:42,0
DA:43,0
DA:46,0
DA:47,0
DA:54,0
DA:55,0
LF:23
LH:0
BRDA:15,0,0,0
BRDA:17,1,0,0
BRDA:17,1,1,0
BRDA:17,1,2,0
BRDA:17,1,3,0
BRF:5
BRH:0
end_of_record
TN:
SF:C:\Users\ecxxchn\space\github\reactjs\static\src\pages\todo\todos.tsx
FN:6,(anonymous_0)
FN:11,(anonymous_1)
FN:31,(anonymous_2)
FNF:3
FNH:0
FNDA:0,(anonymous_0)
FNDA:0,(anonymous_1)
FNDA:0,(anonymous_2)
DA:6,0
DA:11,0
DA:12,0
DA:14,0
DA:31,0
DA:33,0
LF:6
LH:0
BRDA:12,0,0,0
BRF:1
BRH:0
end_of_record
TN:
SF:C:\Users\ecxxchn\space\github\reactjs\static\src\pages\typescript\typescript.tsx
FN:64,(anonymous_0)
FN:89,(anonymous_1)
FN:93,(anonymous_2)
FN:98,(anonymous_3)
FNF:4
FNH:0
FNDA:0,(anonymous_0)
FNDA:0,(anonymous_1)
FNDA:0,(anonymous_2)
FNDA:0,(anonymous_3)
DA:59,0
DA:65,0
DA:66,0
DA:89,0
DA:90,0
DA:93,0
DA:94,0
DA:98,0
DA:99,0
LF:9
LH:0
BRDA:65,0,0,0
BRF:1
BRH:0
end_of_record
TN:
SF:C:\Users\ecxxchn\space\github\reactjs\static\src\pages\websocket\websocket.tsx
FN:3,Websocket
FN:25,(anonymous_1)
FN:27,(anonymous_2)
FN:30,(anonymous_3)
FN:34,(anonymous_4)
FN:38,(anonymous_5)
FN:47,handChangeTxt
FN:50,handSendWebsocket
FNF:8
FNH:0
FNDA:0,Websocket
FNDA:0,(anonymous_1)
FNDA:0,(anonymous_2)
FNDA:0,(anonymous_3)
FNDA:0,(anonymous_4)
FNDA:0,(anonymous_5)
FNDA:0,handChangeTxt
FNDA:0,handSendWebsocket
DA:4,0
DA:5,0
DA:6,0
DA:7,0
DA:23,0
DA:25,0
DA:26,0
DA:27,0
DA:28,0
DA:30,0
DA:31,0
DA:34,0
DA:35,0
DA:36,0
DA:38,0
DA:39,0
DA:48,0
DA:51,0
DA:52,0
DA:53,0
DA:55,0
DA:59,0
LF:22
LH:0
BRDA:51,0,0,0
BRDA:51,0,1,0
BRF:2
BRH:0
end_of_record
